<?xml version="1.0" encoding="UTF-8"?>
<testng-results ignored="0" total="1" passed="1" failed="0" skipped="0">
  <reporter-output>
  </reporter-output>
  <suite started-at="2022-04-20T08:18:41 CEST" name="Default suite" finished-at="2022-04-20T08:18:44 CEST" duration-ms="3223">
    <groups>
    </groups>
    <test started-at="2022-04-20T08:18:41 CEST" name="Default test" finished-at="2022-04-20T08:18:44 CEST" duration-ms="3223">
      <class name="IssueAPI.GitLabIssue">
        <test-method is-config="true" signature="beforeClass()[pri:0, instance:IssueAPI.GitLabIssue@3bf9ce3e]" started-at="2022-04-20T08:18:41 CEST" name="beforeClass" finished-at="2022-04-20T08:18:42 CEST" duration-ms="922" status="PASS">
          <reporter-output>
          </reporter-output>
        </test-method> <!-- beforeClass -->
        <test-method signature="listAllIssues()[pri:0, instance:IssueAPI.GitLabIssue@3bf9ce3e]" started-at="2022-04-20T08:18:42 CEST" name="listAllIssues" finished-at="2022-04-20T08:18:44 CEST" duration-ms="2245" status="PASS">
          <reporter-output>
          </reporter-output>
        </test-method> <!-- listAllIssues -->
      </class> <!-- IssueAPI.GitLabIssue -->
    </test> <!-- Default test -->
  </suite> <!-- Default suite -->
</testng-results>
